\BOOKMARK [-1][]{1.-1}{Aprendizagem por Refor\347o}{}% 1
\BOOKMARK [0][]{2.0}{Contexto}{1.-1}% 2
\BOOKMARK [0][]{3.0}{Conte\372do desta aula}{1.-1}% 3
\BOOKMARK [0][]{4.0}{Ao final desta aula voc\352 saber\341}{1.-1}% 4
\BOOKMARK [0][]{5.0}{Taxi Driver}{1.-1}% 5
\BOOKMARK [0][]{7.0}{Ambientes competitivos}{1.-1}% 6
\BOOKMARK [0][]{10.0}{Aprendizagem por Refor\347o: Vis\343o Geral}{1.-1}% 7
\BOOKMARK [0][]{11.0}{Aprendizagem por Refor\347o: Vis\343o Geral}{1.-1}% 8
\BOOKMARK [0][]{13.0}{Pol\355tica de Controle}{1.-1}% 9
\BOOKMARK [0][]{14.0}{Fator de desconto }{1.-1}% 10
\BOOKMARK [0][]{15.0}{Exemplo}{1.-1}% 11
\BOOKMARK [0][]{20.0}{Algoritmo Q-Learning}{1.-1}% 12
\BOOKMARK [0][]{24.0}{Algoritmo Q-Learning }{1.-1}% 13
\BOOKMARK [0][]{27.0}{Algoritmo Q-Learning: hiperpar\342metro }{1.-1}% 14
\BOOKMARK [0][]{28.0}{Que a\347\343o escolher?}{1.-1}% 15
\BOOKMARK [0][]{29.0}{Exploration vs Exploitation}{1.-1}% 16
\BOOKMARK [0][]{31.0}{Exemplo de fun\347\343o para escolha de a\347\365es}{1.-1}% 17
\BOOKMARK [0][]{32.0}{Epsilon}{1.-1}% 18
\BOOKMARK [0][]{33.0}{Algoritmo Q-Learning}{1.-1}% 19
\BOOKMARK [0][]{34.0}{Implementa\347\365es com o projeto Gym}{1.-1}% 20
\BOOKMARK [0][]{35.0}{Considera\347\365es Finais}{1.-1}% 21
\BOOKMARK [0][]{38.0}{O que vimos at\351 o momento?}{1.-1}% 22
\BOOKMARK [0][]{39.0}{Material de consulta}{1.-1}% 23
